<?xml version="1.0" encoding="UTF-8"?>
<!-- Generated by org.testng.reporters.JUnitXMLReporter -->
<testsuite hostname="Apliteinfoamr" ignored="0" name="Default test" tests="15" failures="0" timestamp="18 May 2018 12:56:39 GMT" time="3665.595" errors="0">
  <testcase name="@BeforeTest beforeTest" time="3665.544" classname="Test.MABTest">
    <failure type="org.openqa.selenium.WebDriverException" message="Unable to parse remote response: &amp;lt;html&amp;gt;&amp;lt;body&amp;gt;&amp;lt;h1&amp;gt;504 Gateway Time-out&amp;lt;/h1&amp;gt;
The server didn&amp;apos;t respond in time.
&amp;lt;/body&amp;gt;&amp;lt;/html&amp;gt;

Build info: version: &amp;apos;3.8.1&amp;apos;, revision: &amp;apos;6e95a6684b&amp;apos;, time: &amp;apos;2017-12-01T19:05:32.194Z&amp;apos;
System info: host: &amp;apos;APLITEINFOAMR&amp;apos;, ip: &amp;apos;192.168.88.97&amp;apos;, os.name: &amp;apos;Windows 7&amp;apos;, os.arch: &amp;apos;x86&amp;apos;, os.version: &amp;apos;6.1&amp;apos;, java.version: &amp;apos;1.8.0_152&amp;apos;
Driver info: driver.version: RemoteWebDriver">
      <![CDATA[org.openqa.selenium.WebDriverException: Unable to parse remote response: <html><body><h1>504 Gateway Time-out</h1>
The server didn't respond in time.
</body></html>

Build info: version: '3.8.1', revision: '6e95a6684b', time: '2017-12-01T19:05:32.194Z'
System info: host: 'APLITEINFOAMR', ip: '192.168.88.97', os.name: 'Windows 7', os.arch: 'x86', os.version: '6.1', java.version: '1.8.0_152'
Driver info: driver.version: RemoteWebDriver
at org.openqa.selenium.remote.ProtocolHandshake.createSession(ProtocolHandshake.java:111)
at org.openqa.selenium.remote.ProtocolHandshake.createSession(ProtocolHandshake.java:73)
at org.openqa.selenium.remote.HttpCommandExecutor.execute(HttpCommandExecutor.java:142)
at org.openqa.selenium.remote.RemoteWebDriver.execute(RemoteWebDriver.java:601)
at org.openqa.selenium.remote.RemoteWebDriver.startSession(RemoteWebDriver.java:219)
at org.openqa.selenium.remote.RemoteWebDriver.<init>(RemoteWebDriver.java:142)
at org.openqa.selenium.remote.RemoteWebDriver.<init>(RemoteWebDriver.java:155)
at Controller.LaunchBrowser_inCrossBrowser.OpenBrowser(LaunchBrowser_inCrossBrowser.java:46)
at Test.MABTest.beforeTest(MABTest.java:134)
at sun.reflect.NativeMethodAccessorImpl.invoke0(Native Method)
at sun.reflect.NativeMethodAccessorImpl.invoke(Unknown Source)
at sun.reflect.DelegatingMethodAccessorImpl.invoke(Unknown Source)
at java.lang.reflect.Method.invoke(Unknown Source)
at org.testng.internal.MethodInvocationHelper.invokeMethod(MethodInvocationHelper.java:124)
at org.testng.internal.MethodInvocationHelper.invokeMethodConsideringTimeout(MethodInvocationHelper.java:59)
at org.testng.internal.Invoker.invokeConfigurationMethod(Invoker.java:455)
at org.testng.internal.Invoker.invokeConfigurations(Invoker.java:222)
at org.testng.internal.Invoker.invokeConfigurations(Invoker.java:142)
at org.testng.TestRunner.beforeRun(TestRunner.java:529)
at org.testng.TestRunner.run(TestRunner.java:497)
at org.testng.SuiteRunner.runTest(SuiteRunner.java:455)
at org.testng.SuiteRunner.runSequentially(SuiteRunner.java:450)
at org.testng.SuiteRunner.privateRun(SuiteRunner.java:415)
at org.testng.SuiteRunner.run(SuiteRunner.java:364)
at org.testng.SuiteRunnerWorker.runSuite(SuiteRunnerWorker.java:52)
at org.testng.SuiteRunnerWorker.run(SuiteRunnerWorker.java:84)
at org.testng.TestNG.runSuitesSequentially(TestNG.java:1208)
at org.testng.TestNG.runSuitesLocally(TestNG.java:1137)
at org.testng.TestNG.runSuites(TestNG.java:1049)
at org.testng.TestNG.run(TestNG.java:1017)
at org.testng.remote.AbstractRemoteTestNG.run(AbstractRemoteTestNG.java:114)
at org.testng.remote.RemoteTestNG.initAndRun(RemoteTestNG.java:251)
at org.testng.remote.RemoteTestNG.main(RemoteTestNG.java:77)
]]>
    </failure>
  </testcase> <!-- @BeforeTest beforeTest -->
  <testcase name="@AfterTest afterTest" time="0.0" classname="Test.MABTest">
    <skipped/>
  </testcase> <!-- @AfterTest afterTest -->
  <testcase name="MAB1" time="0.0" classname="Test.MABTest">
    <skipped/>
  </testcase> <!-- MAB1 -->
  <testcase name="MAB2" time="0.0" classname="Test.MABTest">
    <skipped/>
  </testcase> <!-- MAB2 -->
  <testcase name="MAB4" time="0.0" classname="Test.MABTest">
    <skipped/>
  </testcase> <!-- MAB4 -->
  <testcase name="MAB5" time="0.0" classname="Test.MABTest">
    <skipped/>
  </testcase> <!-- MAB5 -->
  <testcase name="MAB6" time="0.0" classname="Test.MABTest">
    <skipped/>
  </testcase> <!-- MAB6 -->
  <testcase name="MAB7" time="0.0" classname="Test.MABTest">
    <skipped/>
  </testcase> <!-- MAB7 -->
  <testcase name="MAB8" time="0.0" classname="Test.MABTest">
    <skipped/>
  </testcase> <!-- MAB8 -->
  <testcase name="MAB9" time="0.0" classname="Test.MABTest">
    <skipped/>
  </testcase> <!-- MAB9 -->
  <testcase name="MAB10" time="0.0" classname="Test.MABTest">
    <skipped/>
  </testcase> <!-- MAB10 -->
  <testcase name="MAB16" time="0.0" classname="Test.MABTest">
    <skipped/>
  </testcase> <!-- MAB16 -->
  <testcase name="MAB11" time="0.0" classname="Test.MABTest">
    <skipped/>
  </testcase> <!-- MAB11 -->
  <testcase name="MAB13" time="0.0" classname="Test.MABTest">
    <skipped/>
  </testcase> <!-- MAB13 -->
  <testcase name="MAB14" time="0.0" classname="Test.MABTest">
    <skipped/>
  </testcase> <!-- MAB14 -->
  <testcase name="MAB15" time="0.0" classname="Test.MABTest">
    <skipped/>
  </testcase> <!-- MAB15 -->
  <testcase name="MAB3" time="0.0" classname="Test.MABTest">
    <skipped/>
  </testcase> <!-- MAB3 -->
</testsuite> <!-- Default test -->
